{
  "RSpec": {
    "coverage": {
      "/home/pasha/mbs_cbm/app/helpers/application_helper.rb": {
        "lines": [
          1,
          null
        ]
      },
      "/home/pasha/mbs_cbm/app/helpers/bonuses_helper.rb": {
        "lines": [
          1,
          1,
          134,
          null,
          105,
          null,
          4,
          null,
          3,
          null,
          2,
          null,
          20,
          null,
          null,
          null,
          1,
          8,
          null,
          1,
          null,
          1,
          null,
          1,
          null,
          1,
          null,
          1,
          null,
          3,
          null,
          null,
          null,
          1,
          null,
          14,
          null,
          null,
          null,
          null,
          null,
          null,
          null,
          null,
          null,
          1,
          2,
          null,
          null,
          1,
          null,
          9,
          null,
          null,
          null,
          null,
          null,
          null,
          1,
          null,
          8,
          null,
          null,
          null,
          null,
          null,
          null,
          null,
          1,
          null,
          9,
          null,
          null,
          null,
          null,
          null,
          null,
          null,
          null,
          null,
          null,
          null,
          null,
          null,
          null,
          null,
          null,
          null,
          null,
          null,
          null,
          null,
          1,
          null,
          8,
          null,
          null,
          null,
          null,
          null,
          null,
          null,
          1,
          null,
          7,
          null,
          null,
          null,
          null,
          null,
          null,
          null,
          1,
          null,
          6,
          null,
          null,
          null,
          null,
          null,
          null,
          1,
          null,
          6,
          null,
          null,
          null,
          null,
          null,
          null,
          1,
          null,
          6,
          null,
          null,
          null,
          null,
          null,
          null
        ]
      },
      "/home/pasha/mbs_cbm/app/helpers/heatmap_helper.rb": {
        "lines": [
          1,
          1,
          36,
          null,
          null,
          33,
          33,
          null,
          null,
          28,
          null,
          null,
          null,
          28,
          null,
          0,
          null,
          null,
          4,
          null,
          null,
          5,
          null,
          null,
          6,
          null,
          null,
          5,
          null,
          null,
          8,
          null,
          null,
          null,
          1,
          11,
          null,
          null,
          1,
          35,
          null,
          4,
          null,
          3,
          null,
          4,
          null,
          3,
          null,
          3,
          null,
          3,
          null,
          15,
          null,
          null,
          null
        ]
      },
      "/home/pasha/mbs_cbm/app/helpers/marketing_helper.rb": {
        "lines": [
          1,
          1,
          115,
          null,
          103,
          null,
          2,
          null,
          2,
          null,
          8,
          null,
          null,
          null,
          1,
          129,
          null,
          107,
          null,
          12,
          null,
          3,
          null,
          7,
          null,
          null,
          null,
          1,
          41,
          null,
          null,
          38,
          null,
          36,
          22,
          22,
          null,
          14,
          null,
          null,
          null,
          1,
          60,
          null,
          null,
          1,
          null,
          114,
          null,
          109,
          null,
          3,
          null,
          2,
          null,
          null,
          114,
          null,
          108,
          null,
          null
        ]
      },
      "/home/pasha/mbs_cbm/app/controllers/api/v1/bonuses_controller.rb": {
        "lines": [
          1,
          1,
          null,
          null,
          1,
          null,
          null,
          1,
          24,
          null,
          null,
          null,
          23,
          null,
          null,
          23,
          23,
          23,
          23,
          null,
          23,
          23,
          null,
          23,
          null,
          null,
          null,
          null,
          null,
          23,
          null,
          null,
          null,
          null,
          null,
          1,
          8,
          null,
          null,
          null,
          1,
          19,
          19,
          null,
          19,
          13,
          13,
          13,
          null,
          5,
          null,
          null,
          0,
          null,
          null,
          null,
          1,
          12,
          12,
          null,
          12,
          9,
          9,
          9,
          null,
          3,
          null,
          null,
          null,
          null,
          1,
          5,
          5,
          null,
          null,
          null,
          null,
          null,
          1,
          7,
          7,
          null,
          7,
          null,
          null,
          null,
          1,
          3,
          null,
          null,
          null,
          3,
          null,
          null,
          null,
          1,
          4,
          null,
          null,
          null,
          4,
          null,
          null,
          1,
          null,
          1,
          28,
          null,
          3,
          null,
          null,
          1,
          31,
          null,
          null,
          null,
          null,
          null,
          null,
          null,
          null,
          1,
          null,
          0,
          null,
          null,
          1,
          null,
          22,
          0,
          0,
          0,
          0,
          0,
          0,
          22,
          1,
          1,
          1,
          1,
          1,
          1,
          null,
          null,
          null,
          22,
          0,
          0,
          0,
          0,
          0,
          22,
          0,
          0,
          0,
          0,
          0,
          null,
          null,
          null,
          1,
          null,
          9,
          null,
          null,
          1,
          null,
          67,
          null,
          null,
          null,
          null,
          null,
          1,
          0,
          null,
          null,
          null,
          null,
          null,
          1,
          null,
          23,
          null,
          null,
          23,
          null,
          2,
          null,
          0,
          null,
          0,
          null,
          null,
          null,
          23,
          null,
          null,
          23,
          null,
          null,
          23,
          null,
          null,
          23,
          null,
          null,
          23,
          0,
          null,
          null,
          null,
          null,
          null,
          null,
          23,
          0,
          null,
          null,
          23,
          0,
          null,
          null,
          23,
          null,
          null,
          1,
          null,
          29,
          null,
          29,
          0,
          0,
          null,
          null,
          null,
          1,
          null,
          null,
          null,
          null
        ]
      },
      "/home/pasha/mbs_cbm/app/controllers/application_controller.rb": {
        "lines": [
          1,
          null,
          1,
          null
        ]
      },
      "/home/pasha/mbs_cbm/app/controllers/bonuses_controller.rb": {
        "lines": [
          1,
          1,
          null,
          null,
          1,
          29,
          null,
          null,
          null,
          28,
          null,
          null,
          28,
          null,
          1,
          null,
          1,
          null,
          1,
          null,
          null,
          null,
          28,
          null,
          null,
          28,
          null,
          null,
          28,
          null,
          null,
          28,
          null,
          null,
          28,
          5,
          5,
          null,
          null,
          null,
          null,
          null,
          28,
          null,
          null,
          28,
          null,
          null,
          28,
          28,
          28,
          null,
          null,
          28,
          28,
          null,
          28,
          null,
          28,
          28,
          29,
          null,
          null,
          null,
          null,
          1,
          3,
          3,
          4,
          null,
          null,
          null,
          null,
          1,
          5,
          5,
          5,
          null,
          null,
          null,
          1,
          null,
          null,
          null,
          1,
          14,
          null,
          null,
          14,
          null,
          0,
          0,
          null,
          null,
          14,
          14,
          null,
          7,
          7,
          null,
          7,
          7,
          null,
          7,
          null,
          7,
          null,
          7,
          7,
          14,
          7,
          null,
          7,
          null,
          7,
          7,
          14,
          7,
          null,
          null,
          null,
          null,
          null,
          1,
          null,
          7,
          7,
          7,
          null,
          null,
          7,
          7,
          null,
          0,
          0,
          null,
          null,
          7,
          7,
          null,
          5,
          5,
          null,
          5,
          5,
          null,
          5,
          5,
          null,
          5,
          0,
          null,
          0,
          0,
          0,
          0,
          0,
          null,
          2,
          4,
          2,
          null,
          null,
          null,
          null,
          null,
          1,
          4,
          4,
          8,
          4,
          null,
          null,
          null,
          null,
          null,
          null,
          1,
          3,
          null,
          null,
          null,
          null,
          null,
          null,
          1,
          5,
          5,
          5,
          null,
          5,
          null,
          null,
          null,
          1,
          7,
          7,
          null,
          7,
          null,
          7,
          null,
          6,
          6,
          null,
          1,
          null,
          null,
          7,
          null,
          null,
          1,
          null,
          1,
          24,
          null,
          null,
          1,
          28,
          null,
          null,
          null,
          null,
          null,
          null,
          null,
          null,
          null,
          1,
          17,
          null,
          4,
          null,
          null,
          null,
          null,
          null,
          null,
          null,
          null,
          null,
          null,
          null,
          null,
          null,
          null,
          4,
          0,
          4,
          0,
          null,
          null,
          null,
          4,
          4,
          4,
          null,
          4,
          null,
          null,
          1,
          7,
          7,
          null,
          2,
          null,
          null,
          null,
          null,
          null,
          null,
          2,
          2,
          0,
          0,
          null,
          null,
          2,
          2,
          null,
          null,
          1,
          10,
          10,
          null,
          null,
          2,
          null,
          null,
          null,
          2,
          2,
          null,
          null,
          2,
          2,
          0,
          0,
          null,
          0,
          null,
          null,
          null,
          2,
          2,
          null,
          null,
          1,
          17,
          null,
          3,
          null,
          null,
          null,
          null,
          null,
          null,
          null,
          null,
          null,
          null,
          null,
          null,
          null,
          null,
          3,
          3,
          null,
          3,
          null,
          null,
          1,
          7,
          7,
          null,
          3,
          null,
          null,
          null,
          null,
          3,
          3,
          3,
          3,
          3,
          3,
          3,
          3,
          3,
          3,
          3,
          3,
          3,
          null,
          null,
          3,
          3,
          105,
          null,
          null,
          3,
          3,
          null,
          null,
          1,
          10,
          10,
          null,
          null,
          0,
          null,
          null,
          0,
          null,
          null,
          0,
          0,
          0,
          0,
          0,
          0,
          0,
          0,
          0,
          0,
          0,
          0,
          0,
          null,
          null,
          0,
          0,
          0,
          0,
          null,
          null,
          null,
          0,
          0,
          null,
          null,
          1,
          7,
          null,
          0,
          0,
          null,
          0,
          null,
          null,
          null,
          null,
          null,
          null,
          null,
          null,
          null,
          null,
          null,
          null,
          null,
          null,
          0,
          0,
          0,
          null,
          0,
          null,
          null,
          null,
          1,
          7,
          null,
          0,
          0,
          null,
          0,
          null,
          null,
          null,
          null,
          null,
          null,
          null,
          null,
          null,
          null,
          null,
          null,
          null,
          null,
          null,
          null,
          0,
          0,
          0,
          0,
          null,
          0,
          null,
          null,
          null,
          1,
          7,
          7,
          null,
          0,
          0,
          null,
          0,
          null,
          null,
          null,
          null,
          null,
          null,
          0,
          0,
          0,
          0,
          null,
          null,
          null,
          0,
          0,
          0,
          0,
          0,
          0,
          null,
          0,
          0,
          null,
          null,
          null,
          1,
          7,
          7,
          null,
          0,
          0,
          null,
          null,
          null,
          null,
          0,
          0,
          0,
          0,
          0,
          0,
          0,
          0,
          0,
          null,
          null,
          0,
          0,
          0,
          0,
          0,
          0,
          null,
          null,
          0,
          0,
          null,
          null,
          null,
          0,
          0,
          0,
          null,
          null,
          0,
          0,
          null,
          null,
          null,
          1,
          null,
          null,
          null,
          5,
          null,
          null,
          1,
          null,
          null,
          null,
          5,
          null,
          null,
          1,
          10,
          null,
          0,
          null,
          null,
          null,
          null,
          null,
          null,
          null,
          null,
          null,
          null,
          null,
          null,
          null,
          null,
          null,
          null,
          0,
          0,
          null,
          0,
          null,
          null,
          1,
          7,
          null,
          0,
          0,
          null,
          0,
          null,
          null,
          null,
          null,
          null,
          null,
          null,
          null,
          null,
          null,
          null,
          null,
          null,
          null,
          null,
          null,
          0,
          0,
          0,
          0,
          null,
          0,
          null,
          null,
          null,
          1,
          7,
          7,
          null,
          0,
          0,
          null,
          null,
          null,
          null,
          null,
          0,
          0,
          0,
          0,
          0,
          0,
          0,
          0,
          0,
          null,
          null,
          0,
          0,
          0,
          0,
          0,
          0,
          null,
          null,
          0,
          0,
          null,
          null,
          null,
          0,
          0,
          0,
          null,
          null,
          0,
          0,
          null,
          null,
          null,
          1,
          null,
          null,
          null,
          5,
          null,
          null,
          1,
          0,
          0,
          null,
          0,
          null,
          null,
          null,
          null,
          null,
          0,
          0,
          0,
          0,
          0,
          0,
          0,
          0,
          0,
          0,
          0,
          0,
          0,
          null,
          null,
          0,
          0,
          null,
          null,
          null,
          0,
          0,
          0,
          null,
          null,
          0,
          0,
          null,
          null,
          1,
          10,
          10,
          null,
          null,
          0,
          null,
          null,
          0,
          0,
          null,
          null,
          0,
          0,
          0,
          0,
          0,
          0,
          0,
          0,
          0,
          0,
          0,
          0,
          0,
          null,
          null,
          0,
          0,
          null,
          null,
          null,
          0,
          0,
          0,
          0,
          null,
          null,
          null,
          0,
          0,
          null,
          null,
          1,
          4,
          null,
          null,
          null,
          null,
          null,
          1,
          null,
          3,
          null,
          null,
          null,
          null,
          null,
          null,
          null,
          1,
          0,
          null,
          0,
          null,
          null,
          null,
          0,
          null,
          null,
          1,
          0,
          null,
          0,
          0,
          null,
          0,
          null,
          null,
          null,
          0,
          null,
          null,
          null,
          null,
          1,
          0,
          null,
          0,
          null,
          null,
          null,
          0,
          null,
          null,
          1,
          0,
          null,
          0,
          0,
          null,
          0,
          null,
          null,
          null,
          0,
          null,
          null,
          null,
          null,
          1,
          7,
          null,
          0,
          0,
          null,
          0,
          null,
          null,
          0,
          0,
          0,
          null,
          null,
          0,
          null,
          0,
          null,
          0,
          null,
          null,
          0,
          null,
          null,
          null,
          0,
          0,
          0,
          0,
          0,
          0,
          null,
          0,
          0,
          null,
          null,
          null,
          null,
          1,
          0,
          null,
          null,
          0,
          null,
          0,
          0,
          null,
          0,
          null,
          null,
          0,
          0,
          0,
          null,
          null,
          0,
          null,
          0,
          null,
          0,
          null,
          null,
          0,
          null,
          null,
          null,
          0,
          0,
          0,
          0,
          0,
          0,
          null,
          0,
          0,
          null,
          null,
          null,
          null,
          1,
          7,
          null,
          0,
          0,
          null,
          0,
          null,
          null,
          0,
          0,
          null,
          null,
          0,
          null,
          0,
          null,
          0,
          null,
          null,
          0,
          null,
          null,
          null,
          0,
          0,
          0,
          0,
          0,
          0,
          null,
          0,
          0,
          null,
          null,
          null,
          null,
          1,
          0,
          null,
          null,
          0,
          null,
          0,
          0,
          null,
          0,
          null,
          null,
          0,
          0,
          null,
          null,
          0,
          null,
          0,
          null,
          0,
          null,
          null,
          0,
          null,
          null,
          null,
          0,
          0,
          0,
          0,
          0,
          0,
          null,
          0,
          0,
          null,
          null,
          null,
          1,
          null,
          null,
          null,
          null
        ]
      },
      "/home/pasha/mbs_cbm/app/controllers/heatmap_controller.rb": {
        "lines": [
          1,
          1,
          null,
          61,
          61,
          61,
          null,
          null,
          null,
          61,
          61,
          null,
          null,
          0,
          0,
          0,
          0,
          null,
          null,
          null,
          61,
          null,
          null,
          61,
          null,
          null,
          60,
          60,
          null,
          null,
          1,
          null,
          1,
          183,
          null,
          null,
          1,
          61,
          null,
          26,
          null,
          26,
          null,
          null,
          1,
          61,
          null,
          27,
          null,
          27,
          null,
          null,
          1,
          61,
          null,
          null,
          4,
          4,
          null,
          null,
          1,
          null,
          61,
          null,
          null,
          null,
          null,
          61,
          1,
          null,
          null,
          null,
          61,
          null,
          null,
          null,
          null,
          61,
          null,
          61,
          null,
          61,
          1879,
          1879,
          null,
          null,
          1879,
          null,
          1879,
          null,
          null,
          null,
          null,
          null,
          null,
          61,
          null,
          null
        ]
      },
      "/home/pasha/mbs_cbm/app/controllers/marketing_controller.rb": {
        "lines": [
          1,
          1,
          null,
          1,
          27,
          null,
          null,
          27,
          16,
          null,
          11,
          null,
          null,
          null,
          26,
          5,
          null,
          null,
          null,
          26,
          11,
          11,
          null,
          null,
          null,
          null,
          null,
          26,
          null,
          182,
          null,
          null,
          null,
          null,
          null,
          null,
          1,
          null,
          null,
          1,
          4,
          4,
          1,
          null,
          null,
          null,
          1,
          14,
          null,
          14,
          5,
          null,
          null,
          9,
          null,
          null,
          null,
          1,
          null,
          null,
          1,
          15,
          9,
          null,
          null,
          6,
          null,
          null,
          null,
          1,
          5,
          5,
          5,
          null,
          null,
          null,
          1,
          7,
          6,
          null,
          null,
          1,
          null,
          null,
          null,
          1,
          5,
          5,
          null,
          null,
          0,
          null,
          null,
          null,
          1,
          11,
          null,
          11,
          2,
          null,
          2,
          null,
          null,
          9,
          9,
          null,
          9,
          null,
          null,
          null,
          null,
          null,
          8,
          null,
          null,
          1,
          null,
          null,
          null,
          1,
          null,
          1,
          58,
          null,
          null,
          1,
          29,
          null,
          null,
          null,
          null,
          null
        ]
      },
      "/home/pasha/mbs_cbm/app/models/bonus_buy_reward.rb": {
        "lines": [
          1,
          1,
          null,
          1,
          null,
          1,
          1,
          null,
          null,
          1,
          null,
          null,
          1,
          7,
          null,
          null,
          1,
          9,
          9,
          null,
          null,
          1,
          3,
          null,
          null,
          1,
          7,
          null,
          null,
          1,
          12,
          null,
          null,
          1,
          8,
          null,
          null,
          1,
          3,
          2,
          null,
          null,
          null,
          null,
          1,
          1,
          null,
          null,
          1,
          2,
          null,
          null,
          1,
          0,
          null,
          null,
          1,
          0,
          null,
          null,
          null,
          null,
          1,
          0,
          null,
          null,
          1,
          0,
          null,
          null,
          null,
          null,
          null,
          1,
          13,
          null,
          null,
          1,
          10,
          null,
          null,
          1,
          4,
          null,
          null,
          1,
          4,
          4,
          4,
          null,
          null,
          null,
          1,
          5,
          null,
          null,
          null,
          null,
          null,
          null,
          null,
          null,
          null,
          null,
          1,
          2,
          null,
          null,
          1,
          3,
          2,
          null,
          null,
          1,
          1,
          null,
          null,
          1,
          3,
          null,
          null,
          1,
          2,
          null,
          null,
          1,
          2,
          null,
          null,
          1,
          3,
          2,
          1,
          null,
          null
        ]
      },
      "/home/pasha/mbs_cbm/app/models/application_record.rb": {
        "lines": [
          1,
          1,
          null
        ]
      },
      "/home/pasha/mbs_cbm/app/models/concerns/bonus_common_parameters.rb": {
        "lines": [
          1,
          1,
          null,
          null,
          1,
          28,
          null,
          null,
          null,
          1,
          19,
          null,
          null,
          null,
          1,
          24,
          null,
          null,
          null,
          1,
          9,
          null,
          null,
          null,
          1,
          3,
          null,
          null,
          null,
          1,
          5,
          null,
          null,
          1,
          5,
          null,
          null,
          null,
          1,
          2,
          null,
          null,
          null,
          1,
          6,
          null,
          null,
          1,
          6,
          null,
          null,
          1,
          6,
          null,
          null,
          1,
          2,
          null,
          null,
          1,
          2,
          null,
          null,
          null,
          1,
          2,
          null,
          null
        ]
      },
      "/home/pasha/mbs_cbm/app/models/bonus_code_reward.rb": {
        "lines": [
          1,
          1,
          null,
          1,
          null,
          null,
          1,
          null,
          1,
          1,
          null,
          null,
          1,
          35,
          null,
          null,
          null,
          1,
          8,
          null,
          null,
          1,
          6,
          null,
          null,
          1,
          4,
          null,
          null,
          1,
          2,
          null,
          null,
          null,
          1,
          1,
          null,
          null,
          1,
          1,
          null,
          null
        ]
      },
      "/home/pasha/mbs_cbm/app/models/bonus.rb": {
        "lines": [
          1,
          null,
          1,
          null,
          null,
          1,
          1,
          1,
          null,
          null,
          null,
          1,
          null,
          null,
          null,
          null,
          null,
          null,
          null,
          null,
          null,
          null,
          null,
          1,
          1,
          1,
          1,
          1,
          1,
          1,
          1,
          1,
          null,
          null,
          null,
          null,
          1,
          1,
          1,
          null,
          null,
          1,
          1,
          1,
          1,
          1,
          1,
          1,
          1,
          1,
          1,
          null,
          1,
          1,
          1,
          1,
          null,
          null,
          2,
          83,
          3,
          7,
          15,
          8,
          4,
          3,
          2,
          6,
          null,
          3,
          3,
          1,
          1,
          1,
          1,
          null,
          null,
          2692,
          1,
          1,
          null,
          null,
          1,
          69,
          null,
          null,
          1,
          36,
          null,
          7,
          63,
          63,
          null,
          null,
          null,
          null,
          1,
          7,
          null,
          null,
          1,
          20,
          null,
          null,
          1,
          594,
          null,
          null,
          null,
          1,
          null,
          null,
          1,
          null,
          null,
          null,
          1,
          null,
          24,
          null,
          null,
          null,
          null,
          null,
          null,
          null,
          null,
          null,
          1,
          8,
          null,
          null,
          1,
          8,
          8,
          8,
          8,
          8,
          8,
          8,
          8,
          8,
          null,
          null,
          null,
          1,
          null,
          4,
          4,
          null,
          null,
          1,
          null,
          4,
          4,
          3,
          null,
          1,
          null,
          null,
          null,
          1,
          null,
          0,
          0,
          0,
          0,
          0,
          0,
          0,
          null,
          0,
          null,
          null,
          null,
          1,
          null,
          0,
          0,
          0,
          null,
          0,
          null,
          null,
          null,
          1,
          null,
          0,
          0,
          0,
          null,
          0,
          null,
          null,
          null,
          1,
          5,
          2,
          null,
          null,
          1,
          2,
          null,
          null,
          null,
          1,
          5625,
          null,
          null,
          1,
          3008,
          3003,
          5,
          1,
          null,
          4,
          null,
          null,
          null,
          1,
          4,
          null,
          null,
          null,
          1,
          492,
          null,
          null,
          1,
          3000,
          2995,
          5,
          1,
          null,
          4,
          null,
          null,
          null,
          1,
          4,
          null,
          null,
          null,
          1,
          8303,
          null,
          null,
          1,
          3021,
          null,
          5957,
          5955,
          3021,
          0,
          0,
          null,
          0,
          null,
          null,
          null,
          1,
          4,
          null,
          6,
          null,
          null,
          1,
          15,
          null,
          null,
          1,
          6,
          null,
          null,
          null,
          1,
          4,
          null,
          null,
          1,
          4,
          null,
          null,
          1,
          2,
          null,
          null,
          1,
          2,
          null,
          null,
          1,
          2,
          null,
          null,
          1,
          587,
          null,
          null,
          586,
          5,
          null,
          null,
          null,
          null,
          1,
          5,
          null,
          null,
          null,
          1,
          null,
          1,
          2691,
          null,
          2680,
          4,
          null,
          null,
          null,
          1,
          2691,
          2691,
          2691,
          null,
          null,
          1,
          8073,
          8073,
          null,
          7877,
          4,
          null,
          null,
          null,
          1,
          21,
          21,
          21,
          null,
          null,
          null,
          1,
          null,
          2691,
          0,
          null,
          null,
          null,
          1,
          null,
          2691,
          null,
          2691,
          11,
          null,
          null,
          null,
          2691,
          null,
          null,
          null,
          null,
          1,
          2691,
          null,
          null,
          2560,
          null,
          2560,
          6,
          6,
          null,
          null,
          null,
          2554,
          2557,
          2,
          null,
          null,
          null,
          null,
          2554,
          2553,
          2553,
          3,
          null,
          null,
          null,
          null
        ]
      },
      "/home/pasha/mbs_cbm/app/models/bonus_reward.rb": {
        "lines": [
          1,
          1,
          null,
          1,
          null,
          1,
          1,
          1,
          null,
          3,
          null,
          null,
          1,
          null,
          null,
          1,
          2,
          null,
          null,
          1,
          6,
          null,
          null,
          1,
          11,
          null,
          null,
          1,
          8,
          null,
          null,
          1,
          3,
          2,
          null,
          null,
          1,
          1,
          null,
          null,
          1,
          3,
          null,
          null,
          1,
          4,
          null,
          null,
          1,
          1,
          null,
          null,
          null,
          null,
          1,
          3,
          null,
          null,
          1,
          4,
          null,
          null,
          null,
          null,
          1,
          1,
          null,
          null,
          1,
          1,
          null,
          null,
          null,
          null,
          null,
          1,
          5,
          null,
          null,
          null,
          null,
          null,
          null,
          null,
          null,
          null,
          1,
          2,
          null,
          null,
          1,
          3,
          2,
          null,
          null,
          1,
          2,
          1,
          null,
          null,
          1,
          3,
          2,
          1,
          null,
          null
        ]
      },
      "/home/pasha/mbs_cbm/app/models/comp_point_reward.rb": {
        "lines": [
          1,
          1,
          null,
          1,
          null,
          null,
          1,
          null,
          1,
          1,
          null,
          null,
          1,
          31,
          null,
          null,
          null,
          1,
          4,
          null,
          null,
          1,
          4,
          null,
          null,
          1,
          4,
          null,
          null,
          1,
          3,
          null,
          null,
          1,
          6,
          4,
          null,
          null
        ]
      },
      "/home/pasha/mbs_cbm/app/models/freechip_reward.rb": {
        "lines": [
          1,
          1,
          null,
          1,
          null,
          1,
          1,
          null,
          1,
          12,
          null,
          null,
          1,
          6,
          null,
          null,
          1,
          5,
          null,
          null
        ]
      },
      "/home/pasha/mbs_cbm/app/models/freespin_reward.rb": {
        "lines": [
          1,
          1,
          null,
          1,
          null,
          1,
          null,
          null,
          1,
          null,
          null,
          1,
          7,
          null,
          null,
          1,
          10,
          10,
          null,
          null,
          1,
          3,
          null,
          null,
          1,
          7,
          null,
          null,
          1,
          12,
          null,
          null,
          1,
          8,
          null,
          null,
          1,
          3,
          2,
          null,
          null,
          null,
          null,
          1,
          1,
          null,
          null,
          1,
          2,
          null,
          null,
          1,
          0,
          null,
          null,
          1,
          0,
          null,
          null,
          null,
          null,
          1,
          0,
          null,
          null,
          1,
          0,
          null,
          null,
          null,
          null,
          null,
          1,
          13,
          null,
          null,
          1,
          10,
          null,
          null,
          1,
          4,
          null,
          null,
          1,
          4,
          4,
          4,
          null,
          null,
          null,
          1,
          8,
          null,
          null,
          null,
          null,
          null,
          null,
          null,
          null,
          null,
          null,
          1,
          2,
          null,
          null,
          1,
          3,
          2,
          null,
          null,
          1,
          2,
          null,
          null,
          1,
          2,
          null,
          null,
          1,
          2,
          null,
          null,
          1,
          3,
          2,
          1,
          null,
          null
        ]
      },
      "/home/pasha/mbs_cbm/app/models/marketing_request.rb": {
        "lines": [
          1,
          null,
          1,
          null,
          1,
          null,
          null,
          null,
          null,
          null,
          null,
          null,
          null,
          null,
          1,
          null,
          null,
          null,
          null,
          null,
          null,
          null,
          null,
          null,
          1,
          null,
          null,
          null,
          null,
          null,
          1,
          1,
          1,
          null,
          null,
          1,
          1,
          1,
          1,
          null,
          null,
          1,
          1,
          1,
          1,
          null,
          null,
          9,
          195,
          2,
          2,
          2,
          null,
          null,
          1,
          1,
          null,
          null,
          1,
          63,
          null,
          null,
          1,
          86,
          null,
          null,
          1,
          20,
          null,
          null,
          1,
          1,
          null,
          null,
          1,
          1,
          null,
          null,
          1,
          8,
          null,
          null,
          1,
          6,
          null,
          null,
          1,
          1,
          null,
          null,
          null,
          1,
          2358,
          2355,
          null,
          null,
          1,
          3,
          2,
          1,
          1,
          null,
          null,
          null,
          1,
          2,
          2,
          1,
          null,
          null,
          1,
          2,
          null,
          null,
          null,
          1,
          5,
          5,
          null,
          null,
          1,
          2,
          null,
          null,
          1,
          null,
          1,
          null,
          789,
          782,
          782,
          null,
          null,
          null,
          789,
          null,
          null,
          1,
          null,
          null,
          38,
          null,
          38,
          4,
          4,
          null,
          null,
          null,
          null,
          1,
          789,
          null,
          783,
          783,
          3,
          null,
          null,
          null,
          null,
          null,
          1,
          789,
          null,
          782,
          782,
          null,
          null,
          782,
          null,
          null,
          802,
          null,
          null,
          4,
          null,
          null,
          802,
          4,
          4,
          null,
          null,
          null,
          null,
          null,
          1,
          789,
          0,
          null,
          null,
          789,
          1584,
          782,
          2,
          null,
          null,
          null,
          null,
          1,
          790,
          null,
          783,
          783,
          1,
          1,
          null,
          null,
          null,
          1584,
          782,
          4,
          null,
          null,
          null,
          null
        ]
      },
      "/home/pasha/mbs_cbm/app/models/material_prize_reward.rb": {
        "lines": [
          1,
          1,
          null,
          1,
          null,
          1,
          1,
          null,
          1,
          28,
          20,
          null,
          null,
          1,
          24,
          null,
          null
        ]
      },
      "/home/pasha/mbs_cbm/app/jobs/application_job.rb": {
        "lines": [
          0,
          null,
          null,
          null,
          null,
          null,
          0
        ],
        "branches": {}
      },
      "/home/pasha/mbs_cbm/app/mailers/application_mailer.rb": {
        "lines": [
          0,
          0,
          0,
          0
        ],
        "branches": {}
      }
    },
    "timestamp": 1755691606
  }
}
